make.exe all --print-data-base --no-builtin-variables --no-builtin-rules --question
make: *** No rule to make target 'all'.  Stop.

# GNU Make 4.3
# Built for Windows32
# Copyright (C) 1988-2020 Free Software Foundation, Inc.
# License GPLv3+: GNU GPL version 3 or later <http://gnu.org/licenses/gpl.html>
# This is free software: you are free to change and redistribute it.
# There is NO WARRANTY, to the extent permitted by law.
 

# Make data base, printed on Mon Jul 11 12:34:02 2022

# Variables

# environment
FPS_BROWSER_APP_PROFILE_STRING = Internet Explorer
# environment
SYSTEMDRIVE = C:
# environment
GHCUP_INSTALL_BASE_PREFIX = C:\
# environment
LC_ALL = C
# environment
USERPROFILE = C:\Users\Orne
# environment
VBOX_MSI_INSTALL_PATH = C:\Program Files\Oracle\VirtualBox\
# environment
LOCALAPPDATA = C:\Users\Orne\AppData\Local
# environment
VSCODE_CWD = C:\Users\Orne\AppData\Local\Programs\Microsoft VS Code
# environment
CHOCOLATEYINSTALL = C:\ProgramData\chocolatey
# environment
SYSTEMROOT = C:\Windows
# environment
PROCESSOR_LEVEL = 6
# environment
PSMODULEPATH = C:\Program Files\WindowsPowerShell\Modules;C:\Windows\system32\WindowsPowerShell\v1.0\Modules;C:\Program Files (x86)\Microsoft SQL Server\150\Tools\PowerShell\Modules\
# default
MAKE_COMMAND := C:/ProgramData/chocolatey/lib/make/tools/install/bin/make.exe
# automatic
@D = $(patsubst %/,%,$(patsubst %\,%,$(dir $@)))
# environment
CHROME_CRASHPAD_PIPE_NAME = \\.\pipe\cras 
hpad_11560_XYKEFJMLEUFWJZMR
# environment
FPS_BROWSER_USER_PROFILE_STRING = Default
# environment
VSCODE_HANDLES_UNCAUGHT_ERRORS = true
# default
.VARIABLES := 
# automatic
%D = $(patsubst %/,%,$(patsubst %\,%,$(dir $%)))
# automatic
^D = $(patsubst %/,%,$(patsubst %\,%,$(dir $^)))
# automatic
%F = $(notdir $%)
# environment
VSCODE_CODE_CACHE_PATH = C:\Users\Orne\AppData\Roaming\Code\CachedData\92d25e35d9bf1a6b16f7d0758f25d48ace11e5b9
# environment
LANG = C
# default
.LOADED := 
# environment
TMP = C:\Users\Orne\AppData\Local\Temp
# default
.INCLUDE_DIRS = .
# environment
PROCESSOR_ARCHITEW6432 = AMD64
# makefile
MAKEFLAGS = pqrR
# environment
ONEDRIVE = C:\Users\Orne\OneDrive
# makefile
CURDIR := d:/Usuario/Orne/Documents/Downloads/cosas importantes/Universidad/UTN/2022/SSL 2022/tps_ssl/SSL/02-FasesTraduccionYErrores/bibliotecaPropia
# environment
APPLICATION_INSIGHTS_NO_DIAGNOSTIC_CHANNEL = 1
# automatic
*D = $(patsubst %/,%,$(patsubst %\,%,$(dir $*)))
# environment
PROGRAMFILES = C:\Program Files (x86)
# environment
MFLAGS = -pqrR
# default
.SHELLFLAGS := -c
# environment
COMMONPROGRAMW6432 = C:\Program Files\Common Files
# automatic
+D = $(patsubst %/,%,$(patsubst %\,%,$(dir $+)))
# makefile (from 'Makefile', line 1)
MAKEFILE_LIST := Makefile
# automatic
@F = $(notdir $@)
# environment
SWIPL = C:\Program Files\swipl\bin
# environment
VSCODE_PID = 11560
# automatic
?D = $(patsubst %/,%,$(patsubst %\,%,$(dir $?)))
# makefile (from 'Makefile', line 1)
MAKEFILE_PATH := d:\Usuario\Orne\Documents\Downloads\cosas  
importantes\Universidad\UTN\2022\SSL 2022\tps_ssl\SSL\02-FasesTraduccionYErrores\bibliotecaPropia\Makefile
# automatic
*F = $(notdir $*)
# automatic
<D = $(patsubst %/,%,$(patsubst %\,%,$(dir $<)))
# environment
VSCODE_NLS_CONFIG = {"locale":"es-419","availableLanguages":{},"_languagePackSupport":true}
# environment
ONEDRIVECONSUMER = C:\Users\Orne\OneDrive
# default
MAKE_HOST := Windows32
# environment
PROGRAMDATA = C:\ProgramData
# default
SHELL := sh.exe
# environment
HOMEPATH = \Users\Orne
# default
MAK 
ECMDGOALS := all
# environment
DRIVERDATA = C:\Windows\System32\Drivers\DriverData
# environment
COMSPEC = C:\Windows\system32\cmd.exe
# environment
WINDIR = C:\Windows
# environment
MAKELEVEL := 0
# default
MAKE = $(MAKE_COMMAND)
# environment
PATH = C:\Program Files\Eclipse Foundation\jdk-8.0.302.8-hotspot\bin;C:\Users\Orne\AppData\Local\Programs\Python\Python39\Scripts\;C:\Users\Orne\AppData\Local\Programs\Python\Python39\;C:\Windows\system32;C:\Windows;C:\Windows\System32\Wbem;C:\Windows\System32\Window 
sPowerShell\v1.0\;C:\Windows\System32\OpenSSH\;C:\Program Files\Git\cmd;C:\mingw64\bin;C:\Program Files\Microsoft SQL Server\Client SDK\ODBC\170\Tools\Binn\;C:\Program Files (x86)\Microsoft SQL Server\150\Tools\Binn\;C:\Program Files\Microsoft SQL Server\150\Tools\Binn\;C:\Program Files\Microsoft SQL Server\150\DTS\Binn\;C:\Program Files\Azure Data Studio\bin;C:\Program Files\nodejs\;C:\ProgramData\chocolatey\bin;C:\Program Files\Microsoft SQL Server\130\Tools\Binn\;C:\Program Files\dotnet\;C:\Program Files 
\swipl\bin;C:\Users\Orne\AppData\Roaming\local\bin;C:\Users\Orne\AppData\Local\Microsoft\WindowsApps;C:\Users\Orne\AppData\Local\Programs\Microsoft VS Code\bin;C:\Program Files\JetBrains\IntelliJ IDEA 2021.2\bin;C:\Program Files\Azure Data Studio\bin;C:\Users\Orne\AppData\Roaming\npm;C:\MinGW\bin;C:\Users\Orne\.dotnet\tools;C:\Program Files (x86)\GnuWin32\bin;C:\Program Files\Graphviz\bin;C:\ghcup\bin;C:\Users\Orne\AppData\Local\Markdown Monster
# environment
COMPUTERNAME = DESKTOP-E1MRNQ2
# default
MAKEFIL 
ES := 
# automatic
^F = $(notdir $^)
# environment
PROMPT = $P$G
# environment
CHOCOLATEYLASTPATHUPDATE = 132738765184141440
# environment
INTELLIJ IDEA = C:\Program Files\JetBrains\IntelliJ IDEA 2021.2\bin;
# environment
LOGONSERVER = \\DESKTOP-E1MRNQ2
# environment
USERNAME = Orne
# environment
COMMONPROGRAMFILES = C:\Program Files (x86)\Common Files
# makefile (from 'Makefile', line 7)
TEST_C = $(DIR)hello10.c 
# automatic
?F = $(notdir $?)
# environment
PROGRAMW6432 = C:\Program Files
# environment
PATHEXT = .COM;.EXE;.BAT;.CMD;.VBS;.VBE;.JS;.JSE;.WSF;.WSH;.MSC;.PY;.PYW
# automatic
+F = $(notdir $+)
# environment
ORIGINAL_XDG_CURRENT_DESKTOP = undefined
# environment
USERDOMAIN = DESKTOP-E1MRNQ2
# 'override' directive
GNUMAKEFLAGS := 
# environment
OS = Windows_NT
# makefile (from 'Makefile', line 2)
DIR := d:\Usuario\Orne\Documents\Downloads\ importantes\Universidad\UTN\2022\ 2022\tps_ssl\SSL\02-FasesTraduccionYErrores\bibliotecaPropia\
# makefile
.DEFAULT_GOAL := intallLibrary
# makefile (from 'Makefile 
', line 3)
LIB_FOLDER_PATH := C:\mingw64\lib
# default
MAKE_VERSION := 4.3
# environment
PROGRAMFILES(X86) = C:\Program Files (x86)
# makefile (from 'Makefile', line 8)
TEST_BIN = $(DIR)hello10ConBiblioteca.exe
# environment
USERDOMAIN_ROAMINGPROFILE = DESKTOP-E1MRNQ2
# environment
NUMBER_OF_PROCESSORS = 4
# environment
PUBLIC = C:\Users\Public
# environment
APPDATA = C:\Users\Orne\AppData\Roaming
# environment
HOMEDRIVE = C:
# environment
PROCESSOR_ARCHITECTURE = x86
# environment
STACK_ROOT = C:\sr
# envi 
ronment
VSCODE_AMD_ENTRYPOINT = vs/workbench/api/node/extensionHostProcess
# environment
COMMONPROGRAMFILES(X86) = C:\Program Files (x86)\Common Files
# environment
ELECTRON_RUN_AS_NODE = 1
# environment
TEMP = C:\Users\Orne\AppData\Local\Temp
# environment
VSCODE_IPC_HOOK = \\.\pipe\c554c8ecdd21874569af0e523cca9925-1.69.0-main-sock
# makefile (from 'Makefile', line 5)
LIBRARY_SOURCE_CODE = $(DIR)studio2.c
# makefile (from 'Makefile', line 6)
LIBRARY_OBJECT_CODE = $(DIR)studioBiblioteca.o
# default
.RECIPEPREFIX := 
# automatic
<F = $(notdir $<)
# default
SUFFIXES := 
# environment
ALLUSERSPROFILE = C:\ProgramData
# environment
CABAL_DIR = C:\cabal
# environment
SESSIONNAME = Console
# default
.FEATURES := target-specific order-only second-expansion else-if shortest-stem undefine oneshell nocomment grouped-target extra-prereqs archives jobserver output-sync load
# environment
PROCESSOR_REVISION = 3a09
# environment
PROCESSOR_IDENTIFIER = Intel64 Family 6 Model 58 Stepping 9, GenuineIntel
# variable set hash-table stats:
# Load=105/1024=10%, Rehash=0, Collisions=9/134=7%

# Pattern-specific Variable Values

# No pattern-specific variable values.

# Directories

# . (key d:/Usuario/Orne/Documents/Downloads/cosas importantes/Universidad/UTN/2022/SSL 2022/tps_ssl/SSL/02-FasesTraduccionYErrores/bibliotecaPropia, mtime 1657552928): 9 files, no impossibilities.

# 9 files, no impossibilities in 1 directories.

# Implicit Rules

# No implicit rules.

# Files

# Not a target:
Makefile:
#  Implicit rule search has been done.
#  Last modified 2022-07-11 12:32:37
#  File has been updated.
#  Successfully updated.

# Not a target:
.DEFAULT:
#  Implicit rule search has not been done.
#  Modification time never checked.
#  File has not been updated.

# Not a target:
all:
#  Command line target.
#  Implicit rule search has been done.
#  File does not exist.
#  File has not been updated.

intallLibrary:
#  Implicit rule search has not been done.
#  Modification time never checked.
#  File has not been updated.
#  recipe to execut 
e (from 'Makefile', line 12):
	gcc -c $(LIBRARY_SOURCE_CODE) -o $(LIBRARY_OBJECT_CODE)
	ar rcs $(LIB_FOLDER_PATH)\studioBiblioteca.a $(LIBRARY_OBJECT_CODE)

test:
#  Implicit rule search has not been done.
#  Modification time never checked.
#  File has not been updated.
#  recipe to execute (from 'Makefile', line 17):
	gcc $(TEST_C) -l:studioBiblioteca.a -o $(TEST_BIN)  
	$(TEST_BIN)

uninstallLibrary:
#  Implicit rule search has not been done.
#  Modification time never checked.
#  File has not been updat 
ed.
#  recipe to execute (from 'Makefile', line 21):
	rm $(LIB_FOLDER_PATH)\studioBiblioteca.a

# files hash-table stats:
# Load=7/1024=1%, Rehash=0, Collisions=0/17=0%
# VPATH Search Paths

# No 'vpath' search paths.

# No general ('VPATH' variable) search path.

# strcache buffers: 1 (0) / strings = 15 / storage = 148 B / avg = 9 B
# current buf: size = 8174 B / used = 148 B / count = 15 / avg = 9 B

# strcache performance: lookups = 22 / hit rate = 31%
# hash-table stats:
# Load=15/8192=0%, Rehash=0, Collisions=0/22=0%
# Finished Make data base on Mon Jul 11 12:34:02 2022

 
